<?xml version="1.0" encoding="UTF-8"?>
<!-- Generated by org.testng.reporters.JUnitReportReporter -->
<testsuite hostname="DESKTOP-45UOQE4" failures="0" tests="2" name="TestNg.TestNg_P1" time="28.962" errors="0" timestamp="27 Oct 2022 12:12:09 GMT" skipped="0">
  <testcase classname="TestNg.TestNg_P1" name="checkbox" time="22.521"/>
  <testcase classname="TestNg.TestNg_P1" name="radioButton" time="6.441"/>
</testsuite> <!-- TestNg.TestNg_P1 -->
