<?xml version="1.0" encoding="UTF-8"?>
<!-- Generated by org.testng.reporters.JUnitReportReporter -->
<testsuite hostname="DESKTOP-45UOQE4" failures="0" tests="2" name="TestNg_Frst" time="28.810" errors="0" timestamp="27 Oct 2022 11:56:12 GMT" skipped="0">
  <testcase classname="TestNg_Frst" name="radioButton" time="22.054"/>
  <testcase classname="TestNg_Frst" name="checkbox" time="6.756"/>
</testsuite> <!-- TestNg_Frst -->
