<?xml version="1.0" encoding="UTF-8"?>
<!-- Generated by org.testng.reporters.JUnitReportReporter -->
<testsuite hostname="DESKTOP-45UOQE4" failures="0" tests="5" name="TestNg.TestNg_Priority" time="0.014" errors="0" timestamp="27 Oct 2022 12:16:07 GMT" skipped="0">
  <testcase classname="TestNg.TestNg_Priority" name="green" time="0.010"/>
  <testcase classname="TestNg.TestNg_Priority" name="white" time="0.001"/>
  <testcase classname="TestNg.TestNg_Priority" name="red" time="0.001"/>
  <testcase classname="TestNg.TestNg_Priority" name="yellow" time="0.001"/>
  <testcase classname="TestNg.TestNg_Priority" name="blue" time="0.001"/>
</testsuite> <!-- TestNg.TestNg_Priority -->
